<?xml version="1.0" encoding="UTF-8"?>
<!-- Generated by org.testng.reporters.JUnitXMLReporter -->
<testsuite ignored="0" hostname="Dream" failures="0" tests="5" name="Default test" time="5.413" errors="0" timestamp="2023-02-16T13:08:07 MST">
  <testcase classname="test.DeleteCallBDD" name="Delete_Api" time="2.15"/>
  <testcase classname="test.PatchCallBDD" name="Patch_Api" time="0.577"/>
  <testcase classname="test.GetCallBDD" name="Circuits2022_Season" time="1.494"/>
  <testcase classname="test.PutCallBDD" name="Put_Api" time="0.571"/>
  <testcase classname="test.PostCallBDD" name="Post_Api" time="0.558"/>
</testsuite> <!-- Default test -->
