<?xml version="1.0" encoding="UTF-8"?>
<testng-results ignored="0" total="5" passed="5" failed="0" skipped="0">
  <reporter-output>
  </reporter-output>
  <suite started-at="2023-02-16T13:08:01 MST" name="Default suite" finished-at="2023-02-16T13:08:07 MST" duration-ms="5413">
    <groups>
    </groups>
    <test started-at="2023-02-16T13:08:01 MST" name="Default test" finished-at="2023-02-16T13:08:07 MST" duration-ms="5413">
      <class name="test.DeleteCallBDD">
        <test-method signature="Delete_Api()[pri:0, instance:test.DeleteCallBDD@2fb3536e]" started-at="2023-02-16T13:08:02 MST" name="Delete_Api" finished-at="2023-02-16T13:08:04 MST" duration-ms="2150" status="PASS">
          <reporter-output>
          </reporter-output>
        </test-method> <!-- Delete_Api -->
      </class> <!-- test.DeleteCallBDD -->
      <class name="test.PatchCallBDD">
        <test-method signature="Patch_Api()[pri:0, instance:test.PatchCallBDD@1af2d44a]" started-at="2023-02-16T13:08:04 MST" name="Patch_Api" finished-at="2023-02-16T13:08:04 MST" duration-ms="577" status="PASS">
          <reporter-output>
          </reporter-output>
        </test-method> <!-- Patch_Api -->
      </class> <!-- test.PatchCallBDD -->
      <class name="test.GetCallBDD">
        <test-method signature="Circuits2022_Season()[pri:0, instance:test.GetCallBDD@18d87d80]" started-at="2023-02-16T13:08:04 MST" name="Circuits2022_Season" finished-at="2023-02-16T13:08:06 MST" duration-ms="1494" status="PASS">
          <reporter-output>
          </reporter-output>
        </test-method> <!-- Circuits2022_Season -->
      </class> <!-- test.GetCallBDD -->
      <class name="test.PutCallBDD">
        <test-method signature="Put_Api()[pri:0, instance:test.PutCallBDD@618425b5]" started-at="2023-02-16T13:08:06 MST" name="Put_Api" finished-at="2023-02-16T13:08:06 MST" duration-ms="571" status="PASS">
          <reporter-output>
          </reporter-output>
        </test-method> <!-- Put_Api -->
      </class> <!-- test.PutCallBDD -->
      <class name="test.PostCallBDD">
        <test-method signature="Post_Api()[pri:0, instance:test.PostCallBDD@58695725]" started-at="2023-02-16T13:08:06 MST" name="Post_Api" finished-at="2023-02-16T13:08:07 MST" duration-ms="558" status="PASS">
          <reporter-output>
          </reporter-output>
        </test-method> <!-- Post_Api -->
      </class> <!-- test.PostCallBDD -->
    </test> <!-- Default test -->
  </suite> <!-- Default suite -->
</testng-results>
